<?xml version="1.0" encoding="UTF-8"?>
<tusar xmlns_xsi="http://www.w3.org/2001/XMLSchema-instance" version="1.0">
<tests>    
<testsuite tests="2" errors="0" failures="1" name="MergedTestSuite" skipped="0">
<testcase fulltestname="test_suite.test" testname="test_1" time="0">
<system-out>
[Info] - check i == j passed
 == [File] - test.cpp
 == [Line] - 9
</system-out>
</testcase>
<testcase fulltestname="test_suite.test" testname="test_2" time="0">
<failure>
[Error] - check i == j failed [1 != 2]
 == [File] - test.cpp
 == [Line] - 16
</failure>
</testcase>
</testsuite>
</tests>
</tusar>