<?xml version="1.0"?>
<!DOCTYPE coverage SYSTEM "http://cobertura.sourceforge.net/xml/coverage-03.dtd">

<coverage line-rate="0.7663934426229508" branch-rate="0.8552631578947368" version="1.9" timestamp="1219700500531">
	<sources>
		<source>--source</source>
		<source>C:/home/devel/maven-hudson-plugin/target/checkout/src/main/java</source>
	</sources>
	<packages>
		<package name="com.mtvi.plateng.maven.hudson" line-rate="0.7663934426229508" branch-rate="0.8552631578947368" complexity="1.75">
			<classes>
				<class name="com.mtvi.plateng.maven.hudson.AbstractActionPerJobMojo" filename="com/mtvi/plateng/maven/hudson/AbstractActionPerJobMojo.java" line-rate="0.8888888888888888" branch-rate="0.75" complexity="4.0">
					<methods>
						<method name="&lt;init&gt;" signature="()V" line-rate="1.0" branch-rate="1.0">
							<lines>
								<line number="14" hits="3" branch="false"/>
							</lines>
						</method>
						<method name="execute" signature="()V" line-rate="0.875" branch-rate="0.75">
							<lines>
								<line number="38" hits="3" branch="false"/>
								<line number="39" hits="3" branch="false"/>
								<line number="40" hits="3" branch="true" condition-coverage="100% (2/2)">
									<conditions>
										<condition number="0" type="jump" coverage="100%"/>
									</conditions>
								</line>
								<line number="41" hits="2" branch="false"/>
								<line number="42" hits="1" branch="true" condition-coverage="50% (1/2)">
									<conditions>
										<condition number="0" type="jump" coverage="50%"/>
									</conditions>
								</line>
								<line number="43" hits="1" branch="false"/>
								<line number="45" hits="0" branch="false"/>
								<line number="48" hits="3" branch="false"/>
							</lines>
						</method>
					</methods>
					<lines>
						<line number="14" hits="3" branch="false"/>
						<line number="38" hits="3" branch="false"/>
						<line number="39" hits="3" branch="false"/>
						<line number="40" hits="3" branch="true" condition-coverage="100% (2/2)">
							<conditions>
								<condition number="0" type="jump" coverage="100%"/>
							</conditions>
						</line>
						<line number="41" hits="2" branch="false"/>
						<line number="42" hits="1" branch="true" condition-coverage="50% (1/2)">
							<conditions>
								<condition number="0" type="jump" coverage="50%"/>
							</conditions>
						</line>
						<line number="43" hits="1" branch="false"/>
						<line number="45" hits="0" branch="false"/>
						<line number="48" hits="3" branch="false"/>
					</lines>
				</class>
				<class name="com.mtvi.plateng.maven.hudson.AbstractHudsonMojo" filename="com/mtvi/plateng/maven/hudson/AbstractHudsonMojo.java" line-rate="0.7884615384615384" branch-rate="0.9117647058823529" complexity="0.0">
					<methods>
						<method name="&lt;init&gt;" signature="()V" line-rate="1.0" branch-rate="1.0">
							<lines>
								<line number="39" hits="34" branch="false"/>
								<line number="44" hits="34" branch="false"/>
								<line number="72" hits="34" branch="false"/>
								<line number="392" hits="34" branch="false"/>
							</lines>
						</method>
						<method name="configurePlugin" signature="(Lorg/jdom/Document;Lcom/mtvi/plateng/maven/hudson/AbstractHudsonMojo$PluginType;Lorg/jdom/Element;)V" line-rate="1.0" branch-rate="1.0">
							<lines>
								<line number="83" hits="4" branch="false"/>
								<line number="84" hits="4" branch="true" condition-coverage="100% (2/2)">
									<conditions>
										<condition number="0" type="jump" coverage="100%"/>
									</conditions>
								</line>
								<line number="85" hits="1" branch="false"/>
								<line number="87" hits="4" branch="false"/>
								<line number="88" hits="4" branch="false"/>
							</lines>
						</method>
						<method name="createHudsonURL" signature="()V" line-rate="0.8571428571428571" branch-rate="0.9166666666666666">
							<lines>
								<line number="101" hits="16" branch="true" condition-coverage="100% (2/2)">
									<conditions>
										<condition number="0" type="jump" coverage="100%"/>
									</conditions>
								</line>
								<line number="102" hits="10" branch="true" condition-coverage="83% (5/6)">
									<conditions>
										<condition number="0" type="jump" coverage="50%"/>
										<condition number="1" type="jump" coverage="100%"/>
										<condition number="2" type="jump" coverage="100%"/>
									</conditions>
								</line>
								<line number="104" hits="8" branch="false"/>
								<line number="108" hits="16" branch="true" condition-coverage="100% (2/2)">
									<conditions>
										<condition number="0" type="jump" coverage="100%"/>
									</conditions>
								</line>
								<line number="109" hits="2" branch="false"/>
								<line number="112" hits="14" branch="false"/>
								<line number="113" hits="14" branch="true" condition-coverage="100% (2/2)">
									<conditions>
										<condition number="0" type="jump" coverage="100%"/>
									</conditions>
								</line>
								<line number="114" hits="1" branch="false"/>
								<line number="115" hits="1" branch="false"/>
								<line number="117" hits="0" branch="false"/>
								<line number="118" hits="0" branch="false"/>
								<line number="119" hits="14" branch="false"/>
								<line number="121" hits="14" branch="false"/>
								<line number="123" hits="14" branch="false"/>
							</lines>
						</method>
						<method name="createJobBuildURL" signature="(Ljava/lang/String;)Ljava/net/URL;" line-rate="0.5" branch-rate="1.0">
							<lines>
								<line number="133" hits="5" branch="false"/>
								<line number="135" hits="5" branch="false"/>
								<line number="136" hits="0" branch="false"/>
								<line number="137" hits="0" branch="false"/>
							</lines>
						</method>
						<method name="createJobConfigURL" signature="(Ljava/lang/String;)Ljava/net/URL;" line-rate="0.5" branch-rate="1.0">
							<lines>
								<line number="149" hits="8" branch="false"/>
								<line number="151" hits="8" branch="false"/>
								<line number="152" hits="0" branch="false"/>
								<line number="153" hits="0" branch="false"/>
							</lines>
						</method>
						<method name="createJobListURL" signature="()Ljava/net/URL;" line-rate="0.3333333333333333" branch-rate="1.0">
							<lines>
								<line number="165" hits="4" branch="false"/>
								<line number="167" hits="0" branch="false"/>
								<line number="168" hits="0" branch="false"/>
							</lines>
						</method>
						<method name="createOrChange" signature="(Lorg/jdom/Element;Ljava/lang/String;I)V" line-rate="1.0" branch-rate="1.0">
							<lines>
								<line number="181" hits="21" branch="false"/>
								<line number="183" hits="21" branch="false"/>
							</lines>
						</method>
						<method name="createOrChange" signature="(Lorg/jdom/Element;Ljava/lang/String;Ljava/lang/String;)V" line-rate="1.0" branch-rate="1.0">
							<lines>
								<line number="194" hits="21" branch="false"/>
								<line number="195" hits="21" branch="true" condition-coverage="100% (2/2)">
									<conditions>
										<condition number="0" type="jump" coverage="100%"/>
									</conditions>
								</line>
								<line number="196" hits="2" branch="false"/>
								<line number="197" hits="2" branch="false"/>
								<line number="199" hits="21" branch="false"/>
								<line number="200" hits="21" branch="false"/>
							</lines>
						</method>
						<method name="doPost" signature="(Ljava/net/URL;I)V" line-rate="1.0" branch-rate="1.0">
							<lines>
								<line number="212" hits="3" branch="false"/>
								<line number="213" hits="3" branch="false"/>
							</lines>
						</method>
						<method name="doPost" signature="(Ljava/net/URL;Lorg/apache/commons/httpclient/methods/RequestEntity;I)V" line-rate="0.8571428571428571" branch-rate="0.75">
							<lines>
								<line number="227" hits="9" branch="false"/>
								<line number="228" hits="9" branch="true" condition-coverage="100% (2/2)">
									<conditions>
										<condition number="0" type="jump" coverage="100%"/>
									</conditions>
								</line>
								<line number="229" hits="6" branch="false"/>
								<line number="231" hits="9" branch="false"/>
								<line number="232" hits="9" branch="true" condition-coverage="50% (1/2)">
									<conditions>
										<condition number="0" type="jump" coverage="50%"/>
									</conditions>
								</line>
								<line number="233" hits="0" branch="false"/>
								<line number="236" hits="9" branch="false"/>
							</lines>
						</method>
						<method name="findServer" signature="()Lorg/apache/maven/settings/Server;" line-rate="1.0" branch-rate="1.0">
							<lines>
								<line number="247" hits="13" branch="true" condition-coverage="100% (2/2)">
									<conditions>
										<condition number="0" type="jump" coverage="100%"/>
									</conditions>
								</line>
								<line number="248" hits="5" branch="false"/>
								<line number="250" hits="8" branch="false"/>
								<line number="251" hits="8" branch="true" condition-coverage="100% (4/4)">
									<conditions>
										<condition number="0" type="jump" coverage="100%"/>
										<condition number="1" type="jump" coverage="100%"/>
									</conditions>
								</line>
								<line number="252" hits="5" branch="false"/>
								<line number="254" hits="8" branch="false"/>
							</lines>
						</method>
						<method name="forEachJob" signature="(Lcom/mtvi/plateng/maven/hudson/AbstractHudsonMojo$JobClosure;)V" line-rate="0.75" branch-rate="1.0">
							<lines>
								<line number="264" hits="4" branch="false"/>
								<line number="266" hits="4" branch="false"/>
								<line number="267" hits="0" branch="false"/>
								<line number="268" hits="0" branch="false"/>
								<line number="269" hits="4" branch="false"/>
								<line number="271" hits="4" branch="true" condition-coverage="100% (2/2)">
									<conditions>
										<condition number="0" type="jump" coverage="100%"/>
									</conditions>
								</line>
								<line number="272" hits="6" branch="false"/>
								<line number="275" hits="4" branch="false"/>
							</lines>
						</method>
						<method name="getDocumentFromHudson" signature="(Ljava/net/URL;)Lorg/jdom/Document;" line-rate="0.4444444444444444" branch-rate="0.5">
							<lines>
								<line number="279" hits="8" branch="false"/>
								<line number="280" hits="8" branch="false"/>
								<line number="281" hits="8" branch="true" condition-coverage="50% (1/2)">
									<conditions>
										<condition number="0" type="jump" coverage="50%"/>
									</conditions>
								</line>
								<line number="282" hits="0" branch="false"/>
								<line number="285" hits="8" branch="false"/>
								<line number="286" hits="0" branch="false"/>
								<line number="287" hits="0" branch="false"/>
								<line number="288" hits="0" branch="false"/>
								<line number="289" hits="0" branch="false"/>
							</lines>
						</method>
						<method name="getJobList" signature="()Ljava/util/List;" line-rate="1.0" branch-rate="1.0">
							<lines>
								<line number="301" hits="4" branch="false"/>
								<line number="302" hits="4" branch="false"/>
								<line number="304" hits="4" branch="false"/>
								<line number="305" hits="4" branch="false"/>
								<line number="306" hits="4" branch="true" condition-coverage="100% (2/2)">
									<conditions>
										<condition number="0" type="jump" coverage="100%"/>
									</conditions>
								</line>
								<line number="307" hits="6" branch="false"/>
								<line number="310" hits="4" branch="false"/>
							</lines>
						</method>
						<method name="loadJobConfig" signature="(Ljava/lang/String;)Lorg/jdom/Document;" line-rate="1.0" branch-rate="1.0">
							<lines>
								<line number="314" hits="4" branch="false"/>
								<line number="315" hits="4" branch="false"/>
							</lines>
						</method>
						<method name="rebuildJob" signature="(Ljava/lang/String;)V" line-rate="0.5" branch-rate="1.0">
							<lines>
								<line number="325" hits="3" branch="false"/>
								<line number="327" hits="3" branch="false"/>
								<line number="328" hits="0" branch="false"/>
								<line number="329" hits="0" branch="false"/>
								<line number="330" hits="0" branch="false"/>
								<line number="331" hits="0" branch="false"/>
								<line number="332" hits="3" branch="false"/>
								<line number="333" hits="3" branch="false"/>
							</lines>
						</method>
						<method name="saveJobConfig" signature="(Ljava/lang/String;Lorg/jdom/Document;)V" line-rate="0.7142857142857143" branch-rate="1.0">
							<lines>
								<line number="343" hits="4" branch="false"/>
								<line number="344" hits="4" branch="false"/>
								<line number="346" hits="4" branch="false"/>
								<line number="348" hits="0" branch="false"/>
								<line number="349" hits="0" branch="false"/>
								<line number="350" hits="4" branch="false"/>
								<line number="352" hits="4" branch="false"/>
							</lines>
						</method>
						<method name="setupClient" signature="()V" line-rate="1.0" branch-rate="1.0">
							<lines>
								<line number="362" hits="9" branch="false"/>
								<line number="363" hits="9" branch="true" condition-coverage="100% (2/2)">
									<conditions>
										<condition number="0" type="jump" coverage="100%"/>
									</conditions>
								</line>
								<line number="364" hits="2" branch="false"/>
								<line number="365" hits="2" branch="false"/>
								<line number="367" hits="2" branch="false"/>
								<line number="371" hits="9" branch="false"/>
							</lines>
						</method>
					</methods>
					<lines>
						<line number="39" hits="34" branch="false"/>
						<line number="44" hits="34" branch="false"/>
						<line number="72" hits="34" branch="false"/>
						<line number="83" hits="4" branch="false"/>
						<line number="84" hits="4" branch="true" condition-coverage="100% (2/2)">
							<conditions>
								<condition number="0" type="jump" coverage="100%"/>
							</conditions>
						</line>
						<line number="85" hits="1" branch="false"/>
						<line number="87" hits="4" branch="false"/>
						<line number="88" hits="4" branch="false"/>
						<line number="101" hits="16" branch="true" condition-coverage="100% (2/2)">
							<conditions>
								<condition number="0" type="jump" coverage="100%"/>
							</conditions>
						</line>
						<line number="102" hits="10" branch="true" condition-coverage="83% (5/6)">
							<conditions>
								<condition number="0" type="jump" coverage="50%"/>
								<condition number="1" type="jump" coverage="100%"/>
								<condition number="2" type="jump" coverage="100%"/>
							</conditions>
						</line>
						<line number="104" hits="8" branch="false"/>
						<line number="108" hits="16" branch="true" condition-coverage="100% (2/2)">
							<conditions>
								<condition number="0" type="jump" coverage="100%"/>
							</conditions>
						</line>
						<line number="109" hits="2" branch="false"/>
						<line number="112" hits="14" branch="false"/>
						<line number="113" hits="14" branch="true" condition-coverage="100% (2/2)">
							<conditions>
								<condition number="0" type="jump" coverage="100%"/>
							</conditions>
						</line>
						<line number="114" hits="1" branch="false"/>
						<line number="115" hits="1" branch="false"/>
						<line number="117" hits="0" branch="false"/>
						<line number="118" hits="0" branch="false"/>
						<line number="119" hits="14" branch="false"/>
						<line number="121" hits="14" branch="false"/>
						<line number="123" hits="14" branch="false"/>
						<line number="133" hits="5" branch="false"/>
						<line number="135" hits="5" branch="false"/>
						<line number="136" hits="0" branch="false"/>
						<line number="137" hits="0" branch="false"/>
						<line number="149" hits="8" branch="false"/>
						<line number="151" hits="8" branch="false"/>
						<line number="152" hits="0" branch="false"/>
						<line number="153" hits="0" branch="false"/>
						<line number="165" hits="4" branch="false"/>
						<line number="167" hits="0" branch="false"/>
						<line number="168" hits="0" branch="false"/>
						<line number="181" hits="21" branch="false"/>
						<line number="183" hits="21" branch="false"/>
						<line number="194" hits="21" branch="false"/>
						<line number="195" hits="21" branch="true" condition-coverage="100% (2/2)">
							<conditions>
								<condition number="0" type="jump" coverage="100%"/>
							</conditions>
						</line>
						<line number="196" hits="2" branch="false"/>
						<line number="197" hits="2" branch="false"/>
						<line number="199" hits="21" branch="false"/>
						<line number="200" hits="21" branch="false"/>
						<line number="212" hits="3" branch="false"/>
						<line number="213" hits="3" branch="false"/>
						<line number="227" hits="9" branch="false"/>
						<line number="228" hits="9" branch="true" condition-coverage="100% (2/2)">
							<conditions>
								<condition number="0" type="jump" coverage="100%"/>
							</conditions>
						</line>
						<line number="229" hits="6" branch="false"/>
						<line number="231" hits="9" branch="false"/>
						<line number="232" hits="9" branch="true" condition-coverage="50% (1/2)">
							<conditions>
								<condition number="0" type="jump" coverage="50%"/>
							</conditions>
						</line>
						<line number="233" hits="0" branch="false"/>
						<line number="236" hits="9" branch="false"/>
						<line number="247" hits="13" branch="true" condition-coverage="100% (2/2)">
							<conditions>
								<condition number="0" type="jump" coverage="100%"/>
							</conditions>
						</line>
						<line number="248" hits="5" branch="false"/>
						<line number="250" hits="8" branch="false"/>
						<line number="251" hits="8" branch="true" condition-coverage="100% (4/4)">
							<conditions>
								<condition number="0" type="jump" coverage="100%"/>
								<condition number="1" type="jump" coverage="100%"/>
							</conditions>
						</line>
						<line number="252" hits="5" branch="false"/>
						<line number="254" hits="8" branch="false"/>
						<line number="264" hits="4" branch="false"/>
						<line number="266" hits="4" branch="false"/>
						<line number="267" hits="0" branch="false"/>
						<line number="268" hits="0" branch="false"/>
						<line number="269" hits="4" branch="false"/>
						<line number="271" hits="4" branch="true" condition-coverage="100% (2/2)">
							<conditions>
								<condition number="0" type="jump" coverage="100%"/>
							</conditions>
						</line>
						<line number="272" hits="6" branch="false"/>
						<line number="275" hits="4" branch="false"/>
						<line number="279" hits="8" branch="false"/>
						<line number="280" hits="8" branch="false"/>
						<line number="281" hits="8" branch="true" condition-coverage="50% (1/2)">
							<conditions>
								<condition number="0" type="jump" coverage="50%"/>
							</conditions>
						</line>
						<line number="282" hits="0" branch="false"/>
						<line number="285" hits="8" branch="false"/>
						<line number="286" hits="0" branch="false"/>
						<line number="287" hits="0" branch="false"/>
						<line number="288" hits="0" branch="false"/>
						<line number="289" hits="0" branch="false"/>
						<line number="301" hits="4" branch="false"/>
						<line number="302" hits="4" branch="false"/>
						<line number="304" hits="4" branch="false"/>
						<line number="305" hits="4" branch="false"/>
						<line number="306" hits="4" branch="true" condition-coverage="100% (2/2)">
							<conditions>
								<condition number="0" type="jump" coverage="100%"/>
							</conditions>
						</line>
						<line number="307" hits="6" branch="false"/>
						<line number="310" hits="4" branch="false"/>
						<line number="314" hits="4" branch="false"/>
						<line number="315" hits="4" branch="false"/>
						<line number="325" hits="3" branch="false"/>
						<line number="327" hits="3" branch="false"/>
						<line number="328" hits="0" branch="false"/>
						<line number="329" hits="0" branch="false"/>
						<line number="330" hits="0" branch="false"/>
						<line number="331" hits="0" branch="false"/>
						<line number="332" hits="3" branch="false"/>
						<line number="333" hits="3" branch="false"/>
						<line number="343" hits="4" branch="false"/>
						<line number="344" hits="4" branch="false"/>
						<line number="346" hits="4" branch="false"/>
						<line number="348" hits="0" branch="false"/>
						<line number="349" hits="0" branch="false"/>
						<line number="350" hits="4" branch="false"/>
						<line number="352" hits="4" branch="false"/>
						<line number="362" hits="9" branch="false"/>
						<line number="363" hits="9" branch="true" condition-coverage="100% (2/2)">
							<conditions>
								<condition number="0" type="jump" coverage="100%"/>
							</conditions>
						</line>
						<line number="364" hits="2" branch="false"/>
						<line number="365" hits="2" branch="false"/>
						<line number="367" hits="2" branch="false"/>
						<line number="371" hits="9" branch="false"/>
						<line number="392" hits="34" branch="false"/>
					</lines>
				</class>
				<class name="com.mtvi.plateng.maven.hudson.AbstractHudsonMojo$JobClosure" filename="com/mtvi/plateng/maven/hudson/AbstractHudsonMojo.java" line-rate="1.0" branch-rate="1.0" complexity="0.0">
					<methods>
					</methods>
					<lines>
					</lines>
				</class>
				<class name="com.mtvi.plateng.maven.hudson.AbstractHudsonMojo$PluginType" filename="com/mtvi/plateng/maven/hudson/AbstractHudsonMojo.java" line-rate="1.0" branch-rate="1.0" complexity="0.0">
					<methods>
						<method name="&lt;clinit&gt;" signature="()V" line-rate="1.0" branch-rate="1.0">
							<lines>
								<line number="392" hits="4" branch="false"/>
								<line number="393" hits="1" branch="false"/>
							</lines>
						</method>
						<method name="&lt;init&gt;" signature="(Ljava/lang/String;I)V" line-rate="1.0" branch-rate="1.0">
							<lines>
							</lines>
						</method>
						<method name="valueOf" signature="(Ljava/lang/String;)Lcom/mtvi/plateng/maven/hudson/AbstractHudsonMojo$PluginType;" line-rate="1.0" branch-rate="1.0">
							<lines>
							</lines>
						</method>
						<method name="values" signature="()[Lcom/mtvi/plateng/maven/hudson/AbstractHudsonMojo$PluginType;" line-rate="1.0" branch-rate="1.0">
							<lines>
							</lines>
						</method>
					</methods>
					<lines>
						<line number="392" hits="4" branch="false"/>
						<line number="393" hits="1" branch="false"/>
					</lines>
				</class>
				<class name="com.mtvi.plateng.maven.hudson.AddJobMojo" filename="com/mtvi/plateng/maven/hudson/AddJobMojo.java" line-rate="0.8470588235294118" branch-rate="0.875" complexity="0.0">
					<methods>
						<method name="&lt;clinit&gt;" signature="()V" line-rate="1.0" branch-rate="1.0">
							<lines>
								<line number="32" hits="1" branch="false"/>
								<line number="37" hits="1" branch="false"/>
								<line number="42" hits="1" branch="false"/>
								<line number="153" hits="1" branch="false"/>
								<line number="155" hits="1" branch="false"/>
								<line number="156" hits="1" branch="false"/>
								<line number="157" hits="1" branch="false"/>
								<line number="159" hits="1" branch="false"/>
							</lines>
						</method>
						<method name="&lt;init&gt;" signature="()V" line-rate="1.0" branch-rate="1.0">
							<lines>
								<line number="27" hits="27" branch="false"/>
								<line number="73" hits="27" branch="false"/>
								<line number="81" hits="27" branch="false"/>
								<line number="89" hits="27" branch="false"/>
								<line number="97" hits="27" branch="false"/>
								<line number="105" hits="27" branch="false"/>
								<line number="113" hits="27" branch="false"/>
							</lines>
						</method>
						<method name="addIncludes" signature="(Lorg/apache/velocity/VelocityContext;)V" line-rate="1.0" branch-rate="1.0">
							<lines>
								<line number="285" hits="12" branch="false"/>
								<line number="286" hits="216" branch="true" condition-coverage="100% (2/2)">
									<conditions>
										<condition number="0" type="jump" coverage="100%"/>
									</conditions>
								</line>
								<line number="287" hits="204" branch="false"/>
								<line number="288" hits="204" branch="true" condition-coverage="100% (2/2)">
									<conditions>
										<condition number="0" type="jump" coverage="100%"/>
									</conditions>
								</line>
								<line number="289" hits="72" branch="false"/>
								<line number="292" hits="12" branch="false"/>
							</lines>
						</method>
						<method name="createFullGoals" signature="()Ljava/lang/String;" line-rate="0.8888888888888888" branch-rate="0.9375">
							<lines>
								<line number="304" hits="12" branch="false"/>
								<line number="305" hits="12" branch="true" condition-coverage="100% (2/2)">
									<conditions>
										<condition number="0" type="jump" coverage="100%"/>
									</conditions>
								</line>
								<line number="306" hits="36" branch="true" condition-coverage="100% (4/4)">
									<conditions>
										<condition number="0" type="jump" coverage="100%"/>
										<condition number="1" type="jump" coverage="100%"/>
									</conditions>
								</line>
								<line number="307" hits="11" branch="false"/>
								<line number="308" hits="11" branch="false"/>
								<line number="312" hits="12" branch="true" condition-coverage="100% (2/2)">
									<conditions>
										<condition number="0" type="jump" coverage="100%"/>
									</conditions>
								</line>
								<line number="313" hits="10" branch="false"/>
								<line number="316" hits="12" branch="false"/>
								<line number="317" hits="12" branch="false"/>
								<line number="319" hits="12" branch="true" condition-coverage="100% (2/2)">
									<conditions>
										<condition number="0" type="jump" coverage="100%"/>
									</conditions>
								</line>
								<line number="320" hits="36" branch="true" condition-coverage="75% (3/4)">
									<conditions>
										<condition number="0" type="jump" coverage="100%"/>
										<condition number="1" type="jump" coverage="50%"/>
									</conditions>
								</line>
								<line number="321" hits="33" branch="false"/>
								<line number="322" hits="33" branch="false"/>
								<line number="326" hits="12" branch="true" condition-coverage="100% (2/2)">
									<conditions>
										<condition number="0" type="jump" coverage="100%"/>
									</conditions>
								</line>
								<line number="327" hits="1" branch="false"/>
								<line number="330" hits="12" branch="false"/>
								<line number="331" hits="0" branch="false"/>
								<line number="332" hits="0" branch="false"/>
							</lines>
						</method>
						<method name="createPayload" signature="()Ljava/lang/String;" line-rate="0.8125" branch-rate="0.75">
							<lines>
								<line number="192" hits="12" branch="false"/>
								<line number="193" hits="12" branch="false"/>
								<line number="194" hits="12" branch="false"/>
								<line number="195" hits="12" branch="false"/>
								<line number="196" hits="12" branch="false"/>
								<line number="197" hits="12" branch="true" condition-coverage="100% (2/2)">
									<conditions>
										<condition number="0" type="jump" coverage="100%"/>
									</conditions>
								</line>
								<line number="198" hits="2" branch="false"/>
								<line number="200" hits="12" branch="false"/>
								<line number="201" hits="12" branch="true" condition-coverage="50% (1/2)">
									<conditions>
										<condition number="0" type="jump" coverage="50%"/>
									</conditions>
								</line>
								<line number="202" hits="12" branch="false"/>
								<line number="204" hits="0" branch="false"/>
								<line number="206" hits="12" branch="false"/>
								<line number="207" hits="12" branch="false"/>
								<line number="209" hits="12" branch="false"/>
								<line number="210" hits="0" branch="false"/>
								<line number="211" hits="0" branch="false"/>
							</lines>
						</method>
						<method name="createPostURL" signature="()Ljava/net/URL;" line-rate="0.3333333333333333" branch-rate="1.0">
							<lines>
								<line number="223" hits="6" branch="false"/>
								<line number="224" hits="0" branch="false"/>
								<line number="225" hits="0" branch="false"/>
							</lines>
						</method>
						<method name="execute" signature="()V" line-rate="0.9" branch-rate="0.75">
							<lines>
								<line number="167" hits="4" branch="true" condition-coverage="50% (1/2)">
									<conditions>
										<condition number="0" type="jump" coverage="50%"/>
									</conditions>
								</line>
								<line number="168" hits="0" branch="false"/>
								<line number="170" hits="4" branch="false"/>
								<line number="172" hits="4" branch="false"/>
								<line number="174" hits="4" branch="true" condition-coverage="100% (2/2)">
									<conditions>
										<condition number="0" type="jump" coverage="100%"/>
									</conditions>
								</line>
								<line number="175" hits="2" branch="false"/>
								<line number="176" hits="2" branch="false"/>
								<line number="178" hits="2" branch="false"/>
								<line number="180" hits="2" branch="false"/>
								<line number="182" hits="4" branch="false"/>
							</lines>
						</method>
						<method name="getJobName" signature="()Ljava/lang/String;" line-rate="0.6666666666666666" branch-rate="0.5">
							<lines>
								<line number="235" hits="13" branch="true" condition-coverage="50% (1/2)">
									<conditions>
										<condition number="0" type="jump" coverage="50%"/>
									</conditions>
								</line>
								<line number="236" hits="13" branch="false"/>
								<line number="238" hits="0" branch="false"/>
							</lines>
						</method>
						<method name="isPluginEnabled" signature="(Ljava/lang/String;)Z" line-rate="1.0" branch-rate="1.0">
							<lines>
								<line number="347" hits="72" branch="false"/>
								<line number="348" hits="72" branch="false"/>
								<line number="349" hits="72" branch="false"/>
							</lines>
						</method>
						<method name="jobExists" signature="()Z" line-rate="0.6666666666666666" branch-rate="1.0">
							<lines>
								<line number="251" hits="6" branch="false"/>
								<line number="253" hits="6" branch="false"/>
								<line number="255" hits="6" branch="false"/>
								<line number="256" hits="6" branch="true" condition-coverage="100% (2/2)">
									<conditions>
										<condition number="0" type="jump" coverage="100%"/>
									</conditions>
								</line>
								<line number="257" hits="0" branch="false"/>
								<line number="258" hits="0" branch="false"/>
							</lines>
						</method>
						<method name="postPayload" signature="(Ljava/net/URL;Ljava/lang/String;)V" line-rate="0.6" branch-rate="1.0">
							<lines>
								<line number="271" hits="2" branch="false"/>
								<line number="272" hits="0" branch="false"/>
								<line number="273" hits="0" branch="false"/>
								<line number="274" hits="2" branch="false"/>
								<line number="275" hits="2" branch="false"/>
							</lines>
						</method>
					</methods>
					<lines>
						<line number="27" hits="27" branch="false"/>
						<line number="32" hits="1" branch="false"/>
						<line number="37" hits="1" branch="false"/>
						<line number="42" hits="1" branch="false"/>
						<line number="73" hits="27" branch="false"/>
						<line number="81" hits="27" branch="false"/>
						<line number="89" hits="27" branch="false"/>
						<line number="97" hits="27" branch="false"/>
						<line number="105" hits="27" branch="false"/>
						<line number="113" hits="27" branch="false"/>
						<line number="153" hits="1" branch="false"/>
						<line number="155" hits="1" branch="false"/>
						<line number="156" hits="1" branch="false"/>
						<line number="157" hits="1" branch="false"/>
						<line number="159" hits="1" branch="false"/>
						<line number="167" hits="4" branch="true" condition-coverage="50% (1/2)">
							<conditions>
								<condition number="0" type="jump" coverage="50%"/>
							</conditions>
						</line>
						<line number="168" hits="0" branch="false"/>
						<line number="170" hits="4" branch="false"/>
						<line number="172" hits="4" branch="false"/>
						<line number="174" hits="4" branch="true" condition-coverage="100% (2/2)">
							<conditions>
								<condition number="0" type="jump" coverage="100%"/>
							</conditions>
						</line>
						<line number="175" hits="2" branch="false"/>
						<line number="176" hits="2" branch="false"/>
						<line number="178" hits="2" branch="false"/>
						<line number="180" hits="2" branch="false"/>
						<line number="182" hits="4" branch="false"/>
						<line number="192" hits="12" branch="false"/>
						<line number="193" hits="12" branch="false"/>
						<line number="194" hits="12" branch="false"/>
						<line number="195" hits="12" branch="false"/>
						<line number="196" hits="12" branch="false"/>
						<line number="197" hits="12" branch="true" condition-coverage="100% (2/2)">
							<conditions>
								<condition number="0" type="jump" coverage="100%"/>
							</conditions>
						</line>
						<line number="198" hits="2" branch="false"/>
						<line number="200" hits="12" branch="false"/>
						<line number="201" hits="12" branch="true" condition-coverage="50% (1/2)">
							<conditions>
								<condition number="0" type="jump" coverage="50%"/>
							</conditions>
						</line>
						<line number="202" hits="12" branch="false"/>
						<line number="204" hits="0" branch="false"/>
						<line number="206" hits="12" branch="false"/>
						<line number="207" hits="12" branch="false"/>
						<line number="209" hits="12" branch="false"/>
						<line number="210" hits="0" branch="false"/>
						<line number="211" hits="0" branch="false"/>
						<line number="223" hits="6" branch="false"/>
						<line number="224" hits="0" branch="false"/>
						<line number="225" hits="0" branch="false"/>
						<line number="235" hits="13" branch="true" condition-coverage="50% (1/2)">
							<conditions>
								<condition number="0" type="jump" coverage="50%"/>
							</conditions>
						</line>
						<line number="236" hits="13" branch="false"/>
						<line number="238" hits="0" branch="false"/>
						<line number="251" hits="6" branch="false"/>
						<line number="253" hits="6" branch="false"/>
						<line number="255" hits="6" branch="false"/>
						<line number="256" hits="6" branch="true" condition-coverage="100% (2/2)">
							<conditions>
								<condition number="0" type="jump" coverage="100%"/>
							</conditions>
						</line>
						<line number="257" hits="0" branch="false"/>
						<line number="258" hits="0" branch="false"/>
						<line number="271" hits="2" branch="false"/>
						<line number="272" hits="0" branch="false"/>
						<line number="273" hits="0" branch="false"/>
						<line number="274" hits="2" branch="false"/>
						<line number="275" hits="2" branch="false"/>
						<line number="285" hits="12" branch="false"/>
						<line number="286" hits="216" branch="true" condition-coverage="100% (2/2)">
							<conditions>
								<condition number="0" type="jump" coverage="100%"/>
							</conditions>
						</line>
						<line number="287" hits="204" branch="false"/>
						<line number="288" hits="204" branch="true" condition-coverage="100% (2/2)">
							<conditions>
								<condition number="0" type="jump" coverage="100%"/>
							</conditions>
						</line>
						<line number="289" hits="72" branch="false"/>
						<line number="292" hits="12" branch="false"/>
						<line number="304" hits="12" branch="false"/>
						<line number="305" hits="12" branch="true" condition-coverage="100% (2/2)">
							<conditions>
								<condition number="0" type="jump" coverage="100%"/>
							</conditions>
						</line>
						<line number="306" hits="36" branch="true" condition-coverage="100% (4/4)">
							<conditions>
								<condition number="0" type="jump" coverage="100%"/>
								<condition number="1" type="jump" coverage="100%"/>
							</conditions>
						</line>
						<line number="307" hits="11" branch="false"/>
						<line number="308" hits="11" branch="false"/>
						<line number="312" hits="12" branch="true" condition-coverage="100% (2/2)">
							<conditions>
								<condition number="0" type="jump" coverage="100%"/>
							</conditions>
						</line>
						<line number="313" hits="10" branch="false"/>
						<line number="316" hits="12" branch="false"/>
						<line number="317" hits="12" branch="false"/>
						<line number="319" hits="12" branch="true" condition-coverage="100% (2/2)">
							<conditions>
								<condition number="0" type="jump" coverage="100%"/>
							</conditions>
						</line>
						<line number="320" hits="36" branch="true" condition-coverage="75% (3/4)">
							<conditions>
								<condition number="0" type="jump" coverage="100%"/>
								<condition number="1" type="jump" coverage="50%"/>
							</conditions>
						</line>
						<line number="321" hits="33" branch="false"/>
						<line number="322" hits="33" branch="false"/>
						<line number="326" hits="12" branch="true" condition-coverage="100% (2/2)">
							<conditions>
								<condition number="0" type="jump" coverage="100%"/>
							</conditions>
						</line>
						<line number="327" hits="1" branch="false"/>
						<line number="330" hits="12" branch="false"/>
						<line number="331" hits="0" branch="false"/>
						<line number="332" hits="0" branch="false"/>
						<line number="347" hits="72" branch="false"/>
						<line number="348" hits="72" branch="false"/>
						<line number="349" hits="72" branch="false"/>
					</lines>
				</class>
				<class name="com.mtvi.plateng.maven.hudson.AddTwitterMojo" filename="com/mtvi/plateng/maven/hudson/AddTwitterMojo.java" line-rate="1.0" branch-rate="1.0" complexity="1.0">
					<methods>
						<method name="&lt;init&gt;" signature="()V" line-rate="1.0" branch-rate="1.0">
							<lines>
								<line number="20" hits="3" branch="false"/>
							</lines>
						</method>
						<method name="doWithJob" signature="(Ljava/lang/String;)V" line-rate="1.0" branch-rate="1.0">
							<lines>
								<line number="32" hits="4" branch="false"/>
								<line number="33" hits="4" branch="false"/>
								<line number="34" hits="4" branch="false"/>
								<line number="36" hits="4" branch="false"/>
								<line number="37" hits="4" branch="false"/>
							</lines>
						</method>
					</methods>
					<lines>
						<line number="20" hits="3" branch="false"/>
						<line number="32" hits="4" branch="false"/>
						<line number="33" hits="4" branch="false"/>
						<line number="34" hits="4" branch="false"/>
						<line number="36" hits="4" branch="false"/>
						<line number="37" hits="4" branch="false"/>
					</lines>
				</class>
				<class name="com.mtvi.plateng.maven.hudson.AdjustViolationsMojo" filename="com/mtvi/plateng/maven/hudson/AdjustViolationsMojo.java" line-rate="0.34782608695652173" branch-rate="0.5" complexity="0.0">
					<methods>
						<method name="&lt;init&gt;" signature="()V" line-rate="1.0" branch-rate="1.0">
							<lines>
								<line number="22" hits="1" branch="false"/>
							</lines>
						</method>
						<method name="changeJob" signature="(Ljava/lang/String;)V" line-rate="0.0" branch-rate="1.0">
							<lines>
								<line number="67" hits="0" branch="false"/>
								<line number="68" hits="0" branch="false"/>
								<line number="70" hits="0" branch="false"/>
								<line number="71" hits="0" branch="false"/>
								<line number="72" hits="0" branch="false"/>
								<line number="73" hits="0" branch="false"/>
								<line number="74" hits="0" branch="false"/>
								<line number="75" hits="0" branch="false"/>
							</lines>
						</method>
						<method name="changeViolations" signature="(Lorg/jdom/Document;)Z" line-rate="0.875" branch-rate="0.75">
							<lines>
								<line number="89" hits="1" branch="false"/>
								<line number="93" hits="1" branch="true" condition-coverage="50% (1/2)">
									<conditions>
										<condition number="0" type="jump" coverage="50%"/>
									</conditions>
								</line>
								<line number="94" hits="0" branch="false"/>
								<line number="96" hits="1" branch="true" condition-coverage="100% (2/2)">
									<conditions>
										<condition number="0" type="jump" coverage="100%"/>
									</conditions>
								</line>
								<line number="97" hits="7" branch="false"/>
								<line number="98" hits="7" branch="false"/>
								<line number="99" hits="7" branch="false"/>
								<line number="101" hits="1" branch="false"/>
							</lines>
						</method>
						<method name="execute" signature="()V" line-rate="0.0" branch-rate="0.0">
							<lines>
								<line number="56" hits="0" branch="false"/>
								<line number="57" hits="0" branch="true" condition-coverage="0% (0/2)">
									<conditions>
										<condition number="0" type="jump" coverage="0%"/>
									</conditions>
								</line>
								<line number="58" hits="0" branch="false"/>
								<line number="59" hits="0" branch="false"/>
								<line number="61" hits="0" branch="false"/>
								<line number="64" hits="0" branch="false"/>
							</lines>
						</method>
					</methods>
					<lines>
						<line number="22" hits="1" branch="false"/>
						<line number="56" hits="0" branch="false"/>
						<line number="57" hits="0" branch="true" condition-coverage="0% (0/2)">
							<conditions>
								<condition number="0" type="jump" coverage="0%"/>
							</conditions>
						</line>
						<line number="58" hits="0" branch="false"/>
						<line number="59" hits="0" branch="false"/>
						<line number="61" hits="0" branch="false"/>
						<line number="64" hits="0" branch="false"/>
						<line number="67" hits="0" branch="false"/>
						<line number="68" hits="0" branch="false"/>
						<line number="70" hits="0" branch="false"/>
						<line number="71" hits="0" branch="false"/>
						<line number="72" hits="0" branch="false"/>
						<line number="73" hits="0" branch="false"/>
						<line number="74" hits="0" branch="false"/>
						<line number="75" hits="0" branch="false"/>
						<line number="89" hits="1" branch="false"/>
						<line number="93" hits="1" branch="true" condition-coverage="50% (1/2)">
							<conditions>
								<condition number="0" type="jump" coverage="50%"/>
							</conditions>
						</line>
						<line number="94" hits="0" branch="false"/>
						<line number="96" hits="1" branch="true" condition-coverage="100% (2/2)">
							<conditions>
								<condition number="0" type="jump" coverage="100%"/>
							</conditions>
						</line>
						<line number="97" hits="7" branch="false"/>
						<line number="98" hits="7" branch="false"/>
						<line number="99" hits="7" branch="false"/>
						<line number="101" hits="1" branch="false"/>
					</lines>
				</class>
				<class name="com.mtvi.plateng.maven.hudson.BuildAllMojo" filename="com/mtvi/plateng/maven/hudson/BuildAllMojo.java" line-rate="1.0" branch-rate="1.0" complexity="1.0">
					<methods>
						<method name="&lt;init&gt;" signature="()V" line-rate="1.0" branch-rate="1.0">
							<lines>
								<line number="14" hits="3" branch="false"/>
							</lines>
						</method>
						<method name="doWithJob" signature="(Ljava/lang/String;)V" line-rate="1.0" branch-rate="1.0">
							<lines>
								<line number="26" hits="3" branch="false"/>
								<line number="27" hits="3" branch="false"/>
								<line number="28" hits="3" branch="false"/>
							</lines>
						</method>
						<method name="execute" signature="()V" line-rate="1.0" branch-rate="1.0">
							<lines>
								<line number="37" hits="2" branch="false"/>
								<line number="38" hits="2" branch="false"/>
								<line number="39" hits="2" branch="false"/>
							</lines>
						</method>
					</methods>
					<lines>
						<line number="14" hits="3" branch="false"/>
						<line number="26" hits="3" branch="false"/>
						<line number="27" hits="3" branch="false"/>
						<line number="28" hits="3" branch="false"/>
						<line number="37" hits="2" branch="false"/>
						<line number="38" hits="2" branch="false"/>
						<line number="39" hits="2" branch="false"/>
					</lines>
				</class>
				<class name="com.mtvi.plateng.maven.hudson.ReplaceJobMojo" filename="com/mtvi/plateng/maven/hudson/ReplaceJobMojo.java" line-rate="0.25" branch-rate="1.0" complexity="0.0">
					<methods>
						<method name="&lt;init&gt;" signature="()V" line-rate="1.0" branch-rate="1.0">
							<lines>
								<line number="14" hits="1" branch="false"/>
							</lines>
						</method>
						<method name="createPostURL" signature="()Ljava/net/URL;" line-rate="0.3333333333333333" branch-rate="1.0">
							<lines>
								<line number="41" hits="1" branch="false"/>
								<line number="42" hits="0" branch="false"/>
								<line number="43" hits="0" branch="false"/>
							</lines>
						</method>
						<method name="execute" signature="()V" line-rate="0.0" branch-rate="1.0">
							<lines>
								<line number="26" hits="0" branch="false"/>
								<line number="27" hits="0" branch="false"/>
								<line number="28" hits="0" branch="false"/>
							</lines>
						</method>
						<method name="jobExists" signature="()Z" line-rate="0.0" branch-rate="1.0">
							<lines>
								<line number="55" hits="0" branch="false"/>
							</lines>
						</method>
					</methods>
					<lines>
						<line number="14" hits="1" branch="false"/>
						<line number="26" hits="0" branch="false"/>
						<line number="27" hits="0" branch="false"/>
						<line number="28" hits="0" branch="false"/>
						<line number="41" hits="1" branch="false"/>
						<line number="42" hits="0" branch="false"/>
						<line number="43" hits="0" branch="false"/>
						<line number="55" hits="0" branch="false"/>
					</lines>
				</class>
			</classes>
		</package>
	</packages>
</coverage>
