<?xml version="1.0" encoding="UTF-8"?>
<tusar xmlns_xsi="http://www.w3.org/2001/XMLSchema-instance" version="1.0">
<tests>
<testsuite name="cppunit" errors="0" failures="1" tests="5">
<testcase fulltestname="MathTest" testname="testSum" time="0">
<failure message="equality assertion failed - Expected: 141496748 - Actual : 16777217" type="Assertion" />
<system-err>
[File] - mathTest.cpp
[Line] - 56
</system-err>
</testcase>
<testcase fulltestname="MathTest" testname="testConstructor" time="0" />
<testcase fulltestname="MathTest" testname="testPush" time="0" />
<testcase fulltestname="ExpressionTest" testname="testConstructor" time="0" />
<testcase fulltestname="ExpressionTest" testname="testPush" time="0" />
</testsuite>
</tests>
</tusar>