<?xml version="1.0" encoding="UTF-8"?>
<testsuite name="Sap.pln" tests="3" failure="2" error="0" skipped="0" time="60">
  3
  2
  60000.0
  false

  
    1
    2
    21000.0
    false
    <testcase name="SapOkCodeField" classname="Sap_pln.SapOkCodeField_t" time="21">
<failure>Log Error: Could not find object '//SapTree[@automationId='shellcont/shell']'.Print: Occurred in Find&#13;
Print: Called from SapOkCodeField at SapOkCodeField.t(6)Log Error: &lt;&lt;&lt;&lt; Click to View Bitmap of Error cmd /C" start C:\DOCUME~1\ADMINI~1\LOCALS~1\Temp\SCC_ExecServer_19124_19125\PerfProjects\PerfPrj_45_1270803017013\SapOkCodeField105147.bmp"Print: Occurred in CaptureDesktop at ..\common.inc(150)&#13;
Print: Called from TestCaseExit at frame.inc(16)&#13;
Print: Called from SapOkCodeField at SapOkCodeField.t(6)</failure>
</testcase>
  
  
    1
    17000.0
    true

    <testcase name="SapWindowTest" classname="Sap_pln.window_t" time="17"/>
  
  

    1
    2
    22000.0
    false
    <testcase name="TableTest" classname="Sap_pln.table_t" time="22">
<failure>Log Error: Could not find object '//SapTree[@automationId='shellcont/shell']'.Print: Occurred in Find&#13;
Print: Called from Table at frame.inc(64)&#13;
Print: Called from DefaultTestCaseEnter at defaults.inc(540)&#13;
Print: Called from TestCaseEnter at frame.inc(8)&#13;
Print: Called from TableTest at table.t(3)Log Error: &lt;&lt;&lt;&lt; Click to View Bitmap of Error cmd /C" start C:\DOCUME~1\ADMINI~1\LOCALS~1\Temp\SCC_ExecServer_19124_19125\PerfProjects\PerfPrj_45_1270803017013\TableTest105225.bmp"Print: Occurred in CaptureDesktop at ..\common.inc(150)&#13;
Print: Called from TestCaseExit at frame.inc(16)&#13;
Print: Called from TableTest at table.t(3)</failure>
</testcase>
  
</testsuite>
