<?xml version="1.0" encoding="UTF-8" ?>
<testsuite errors="0" failures="0" hostname="tcontrol1" name="com.thales.atms.dct.foo.AllTests" tests="2" time="0.038" timestamp="2010-10-28T14:08:14">
  <properties>
    <property name="coveragetool" value="COBERTURA" />
    <property name="sun.arch.data.model" value="32" />
  </properties>
  <testcase classname="com.thales.atms.dct.foo.FooTest" name="testOddBad" time="0.0090" />
  <testcase classname="com.thales.atms.dct.foo.FooTest" name="testOddGood" time="0.0010" />
  <system-out />
  <system-err><![CDATA[content]]></system-err>
</testsuite>