<?xml version="1.0" encoding="UTF-8"?>
<tusar xmlns_xsi="http://www.w3.org/2001/XMLSchema-instance" version="1.0">
<tests>
<testsuite name="hello" time="0" tests="1" failures="0" xmlns:xs="http://www.w3.org/2001/XMLSchema" xmlns:fn="http://www.w3.org/2005/xpath-functions">
<properties>
<property name="Unverified Outcomes" value="3" />
<property name="Unit Testing Problems" value="0" />
</properties>
<testcase fulltestname="/hello/tests/autogenerated/srce/TestSuite_helloworld_c.c" testname="TestSuite_helloworld_c_85db5268::TestSuite_helloworld_c_85db5268_test_main_1" time="0">
<failure type="Outcome" message="Outcome: int _return=0" />
<system-err>Trace Line :32    File :/hello/tests/autogenerated/srce/TestSuite_helloworld_c.c</system-err>
</testcase>
</testsuite>
</tests>
</tusar>
